<?xml version="1.0" encoding="UTF-8"?>
<testsuite xmlns:xsi="http://www.w3.org/2001/XMLSchema-instance" xsi:noNamespaceSchemaLocation="https://maven.apache.org/surefire/maven-surefire-plugin/xsd/surefire-test-report-3.0.xsd" version="3.0" name="com.example.heromovement.application.moveHeroUseCase.HeroMovementTest" time="3.385" tests="2" errors="0" skipped="0" failures="0">
  <properties>
[...]
</properties>
  <testcase name="testScenario1_deplacement_personnage" classname="com.example.heromovement.application.moveHeroUseCase.HeroMovementTest" time="0.959">
    <system-out><![CDATA[16:07:52.838 [main] INFO org.springframework.test.context.support.AnnotationConfigContextLoaderUtils -- Could not detect default configuration classes for test class [com.example.heromovement.application.moveHeroUseCase.HeroMovementTest]: HeroMovementTest does not declare any static, non-private, non-final, nested classes annotated with @Configuration.
16:07:52.973 [main] INFO org.springframework.boot.test.context.SpringBootTestContextBootstrapper -- Found @SpringBootConfiguration com.example.heromovement.HeroMovementApplication for test class com.example.heromovement.application.moveHeroUseCase.HeroMovementTest

  .   ____          _            __ _ _
 /\\ / ___'_ __ _ _(_)_ __  __ _ \ \ \ \
( ( )\___ | '_ | '_| | '_ \/ _` | \ \ \ \
 \\/  ___)| |_)| | | | | || (_| |  ) ) ) )
  '  |____| .__|_| |_|_| |_\__, | / / / /
 =========|_|==============|___/=/_/_/_/
 :: Spring Boot ::                (v3.2.2)

2026-01-26 16:07:53.651 [main] INFO  c.e.h.a.m.HeroMovementTest - Starting HeroMovementTest using Java 21.0.7 with PID 44980 (started by okpee in C:\clevaProject\app_default\app_cleva)
2026-01-26 16:07:53.653 [main] DEBUG c.e.h.a.m.HeroMovementTest - Running with Spring Boot v3.2.2, Spring v6.1.3
2026-01-26 16:07:53.653 [main] INFO  c.e.h.a.m.HeroMovementTest - No active profile set, falling back to 1 default profile: "default"
2026-01-26 16:07:54.632 [main] ERROR o.a.c.core.AprLifecycleListener - An incompatible version [1.2.28] of the Apache Tomcat Native library is installed, while Tomcat requires version [1.2.34]
2026-01-26 16:07:55.109 [main] INFO  c.e.h.a.m.HeroMovementTest - Started HeroMovementTest in 1.95 seconds (process running for 3.236)
2026-01-26 16:07:56.076 [main] INFO  c.e.h.a.service.HeroMovementService - Executing move: start=(3, 0), instructionsLength=12, mapPath=src/test/resources/carte.txt
2026-01-26 16:07:56.078 [main] DEBUG c.e.h.i.a.o.p.FileMapLoader - filePath argument = [src/test/resources/carte.txt]
2026-01-26 16:07:56.078 [main] DEBUG c.e.h.i.a.o.p.FileMapLoader - mapFilePath (Spring) = [C:/clevaProject/pop/carte.txt]
2026-01-26 16:07:56.078 [main] WARN  c.e.h.i.a.o.p.FileMapLoader - Not found in classpath: src/test/resources/carte.txt
2026-01-26 16:07:56.078 [main] DEBUG c.e.h.i.a.o.p.FileMapLoader - Trying filesystem path: C:\clevaProject\pop\carte.txt
2026-01-26 16:07:56.078 [main] DEBUG c.e.h.i.a.o.p.FileMapLoader - Loading map from FILESYSTEM: C:\clevaProject\pop\carte.txt
2026-01-26 16:07:56.079 [main] DEBUG c.e.h.domain.model.GameMap - Validating move (3, 1): true
2026-01-26 16:07:56.079 [main] INFO  c.e.heromovement.domain.model.Hero - Moving hero to (3, 1)
2026-01-26 16:07:56.079 [main] DEBUG c.e.h.domain.model.GameMap - Validating move (3, 2): true
2026-01-26 16:07:56.079 [main] INFO  c.e.heromovement.domain.model.Hero - Moving hero to (3, 2)
2026-01-26 16:07:56.079 [main] DEBUG c.e.h.domain.model.GameMap - Validating move (3, 3): true
2026-01-26 16:07:56.079 [main] INFO  c.e.heromovement.domain.model.Hero - Moving hero to (3, 3)
2026-01-26 16:07:56.079 [main] DEBUG c.e.h.domain.model.GameMap - Validating move (3, 4): true
2026-01-26 16:07:56.079 [main] INFO  c.e.heromovement.domain.model.Hero - Moving hero to (3, 4)
2026-01-26 16:07:56.079 [main] DEBUG c.e.h.domain.model.GameMap - Validating move (4, 4): true
2026-01-26 16:07:56.079 [main] INFO  c.e.heromovement.domain.model.Hero - Moving hero to (4, 4)
2026-01-26 16:07:56.079 [main] DEBUG c.e.h.domain.model.GameMap - Validating move (5, 4): true
2026-01-26 16:07:56.079 [main] INFO  c.e.heromovement.domain.model.Hero - Moving hero to (5, 4)
2026-01-26 16:07:56.079 [main] DEBUG c.e.h.domain.model.GameMap - Validating move (6, 4): true
2026-01-26 16:07:56.079 [main] INFO  c.e.heromovement.domain.model.Hero - Moving hero to (6, 4)
2026-01-26 16:07:56.079 [main] DEBUG c.e.h.domain.model.GameMap - Validating move (7, 4): true
2026-01-26 16:07:56.081 [main] INFO  c.e.heromovement.domain.model.Hero - Moving hero to (7, 4)
2026-01-26 16:07:56.081 [main] DEBUG c.e.h.domain.model.GameMap - Validating move (8, 4): true
2026-01-26 16:07:56.081 [main] INFO  c.e.heromovement.domain.model.Hero - Moving hero to (8, 4)
2026-01-26 16:07:56.081 [main] DEBUG c.e.h.domain.model.GameMap - Validating move (9, 4): true
2026-01-26 16:07:56.081 [main] INFO  c.e.heromovement.domain.model.Hero - Moving hero to (9, 4)
2026-01-26 16:07:56.081 [main] DEBUG c.e.h.domain.model.GameMap - Validating move (9, 3): true
2026-01-26 16:07:56.081 [main] INFO  c.e.heromovement.domain.model.Hero - Moving hero to (9, 3)
2026-01-26 16:07:56.081 [main] DEBUG c.e.h.domain.model.GameMap - Validating move (9, 2): true
2026-01-26 16:07:56.081 [main] INFO  c.e.heromovement.domain.model.Hero - Moving hero to (9, 2)
2026-01-26 16:07:56.081 [main] INFO  c.e.h.a.service.HeroMovementService - Final position after move: (9, 2)
]]></system-out>
    <system-err><![CDATA[WARNING: A Java agent has been loaded dynamically (C:\Users\okpee\.m2\repository\net\bytebuddy\byte-buddy-agent\1.14.11\byte-buddy-agent-1.14.11.jar)
WARNING: If a serviceability tool is in use, please run with -XX:+EnableDynamicAgentLoading to hide this warning
WARNING: If a serviceability tool is not in use, please run with -Djdk.instrument.traceUsage for more information
WARNING: Dynamic loading of agents will be disallowed by default in a future release
]]></system-err>
  </testcase>
  <testcase name="testScenario2_les_bois_impénétrables" classname="com.example.heromovement.application.moveHeroUseCase.HeroMovementTest" time="0.009">
    <system-out><![CDATA[2026-01-26 16:07:56.097 [main] INFO  c.e.h.a.service.HeroMovementService - Executing move: start=(6, 9), instructionsLength=9, mapPath=src/test/resources/carte.txt
2026-01-26 16:07:56.097 [main] DEBUG c.e.h.i.a.o.p.FileMapLoader - filePath argument = [src/test/resources/carte.txt]
2026-01-26 16:07:56.097 [main] DEBUG c.e.h.i.a.o.p.FileMapLoader - mapFilePath (Spring) = [C:/clevaProject/pop/carte.txt]
2026-01-26 16:07:56.097 [main] WARN  c.e.h.i.a.o.p.FileMapLoader - Not found in classpath: src/test/resources/carte.txt
2026-01-26 16:07:56.097 [main] DEBUG c.e.h.i.a.o.p.FileMapLoader - Trying filesystem path: C:\clevaProject\pop\carte.txt
2026-01-26 16:07:56.098 [main] DEBUG c.e.h.i.a.o.p.FileMapLoader - Loading map from FILESYSTEM: C:\clevaProject\pop\carte.txt
2026-01-26 16:07:56.099 [main] DEBUG c.e.h.domain.model.GameMap - Validating move (5, 9): false
2026-01-26 16:07:56.099 [main] INFO  c.e.heromovement.domain.model.Hero - Blocked move to (5, 9)
2026-01-26 16:07:56.099 [main] DEBUG c.e.h.domain.model.GameMap - Validating move (5, 9): false
2026-01-26 16:07:56.099 [main] INFO  c.e.heromovement.domain.model.Hero - Blocked move to (5, 9)
2026-01-26 16:07:56.099 [main] DEBUG c.e.h.domain.model.GameMap - Validating move (6, 8): false
2026-01-26 16:07:56.099 [main] INFO  c.e.heromovement.domain.model.Hero - Blocked move to (6, 8)
2026-01-26 16:07:56.099 [main] DEBUG c.e.h.domain.model.GameMap - Validating move (5, 9): false
2026-01-26 16:07:56.099 [main] INFO  c.e.heromovement.domain.model.Hero - Blocked move to (5, 9)
2026-01-26 16:07:56.100 [main] DEBUG c.e.h.domain.model.GameMap - Validating move (5, 9): false
2026-01-26 16:07:56.100 [main] INFO  c.e.heromovement.domain.model.Hero - Blocked move to (5, 9)
2026-01-26 16:07:56.100 [main] DEBUG c.e.h.domain.model.GameMap - Validating move (5, 9): false
2026-01-26 16:07:56.100 [main] INFO  c.e.heromovement.domain.model.Hero - Blocked move to (5, 9)
2026-01-26 16:07:56.100 [main] DEBUG c.e.h.domain.model.GameMap - Validating move (6, 10): false
2026-01-26 16:07:56.100 [main] INFO  c.e.heromovement.domain.model.Hero - Blocked move to (6, 10)
2026-01-26 16:07:56.100 [main] DEBUG c.e.h.domain.model.GameMap - Validating move (6, 10): false
2026-01-26 16:07:56.100 [main] INFO  c.e.heromovement.domain.model.Hero - Blocked move to (6, 10)
2026-01-26 16:07:56.100 [main] DEBUG c.e.h.domain.model.GameMap - Validating move (5, 9): false
2026-01-26 16:07:56.100 [main] INFO  c.e.heromovement.domain.model.Hero - Blocked move to (5, 9)
2026-01-26 16:07:56.100 [main] INFO  c.e.h.a.service.HeroMovementService - Final position after move: (6, 9)
Final Position for Test 2: Position[x=6, y=9]
]]></system-out>
  </testcase>
</testsuite>